<?xml version="1.0" encoding="UTF-8"?>
<!-- Generated by org.testng.reporters.JUnitReportReporter -->
<testsuite hostname="QT-INNO-LT1106" failures="0" tests="2" name="qa.crm.test.LoginEntryTest" time="31.841" errors="0" timestamp="2022-08-05T21:39:01 IST" skipped="0">
  <testcase classname="qa.crm.test.LoginEntryTest" name="InvalidDetails" time="19.955"/>
  <system-out/>
  <testcase classname="qa.crm.test.LoginEntryTest" name="Validateloginbtn" time="11.886"/>
  <system-out/>
</testsuite> <!-- qa.crm.test.LoginEntryTest -->
