<?xml version="1.0" encoding="UTF-8"?>
<!-- Generated by org.testng.reporters.JUnitReportReporter -->
<testsuite hostname="QT-INNO-LT1106" failures="0" tests="4" name="qa.crm.test.LoginTest" time="25.107" errors="0" timestamp="2022-08-05T18:09:44 IST" skipped="0">
  <testcase classname="qa.crm.test.LoginTest" name="ValidateTitle" time="4.990"/>
  <system-out/>
  <testcase classname="qa.crm.test.LoginTest" name="ValidatePricing" time="4.935"/>
  <system-out/>
  <testcase classname="qa.crm.test.LoginTest" name="ValidateURL" time="5.143"/>
  <system-out/>
  <testcase classname="qa.crm.test.LoginTest" name="ValidateLogin" time="10.039"/>
  <system-out/>
</testsuite> <!-- qa.crm.test.LoginTest -->
