<?xml version="1.0" encoding="UTF-8"?>
<!-- Generated by org.testng.reporters.JUnitReportReporter -->
<testsuite hostname="QT-INNO-LT1106" failures="0" tests="2" name="selenium.TestNGBasics" time="0.055" errors="0" timestamp="2022-06-05T17:37:12 IST" skipped="0">
  <testcase classname="selenium.TestNGBasics" name="Titletest" time="0.009"/>
  <system-out/>
  <testcase classname="selenium.TestNGBasics" name="ButtonTest" time="0.046"/>
  <system-out/>
</testsuite> <!-- selenium.TestNGBasics -->
