<?xml version="1.0" encoding="UTF-8"?>
<!-- Generated by org.testng.reporters.JUnitReportReporter -->
<testsuite hostname="QT-INNO-LT1106" failures="0" tests="1" name="selenium.StringReplaceStar" time="0.012" errors="0" timestamp="2022-06-19T14:19:45 IST" skipped="0">
  <testcase classname="selenium.StringReplaceStar" name="stringstar" time="0.012"/>
  <system-out/>
</testsuite> <!-- selenium.StringReplaceStar -->
