<?xml version="1.0" encoding="UTF-8"?>
<!-- Generated by org.testng.reporters.JUnitReportReporter -->
<testsuite hostname="QT-INNO-LT1106" failures="0" tests="1" name="selenium.UpperAndLower" time="0.008" errors="0" timestamp="2022-06-09T15:06:19 IST" skipped="0">
  <testcase classname="selenium.UpperAndLower" name="stringupperlower" time="0.008"/>
  <system-out/>
</testsuite> <!-- selenium.UpperAndLower -->
