<?xml version="1.0" encoding="UTF-8"?>
<!-- Generated by org.testng.reporters.JUnitReportReporter -->
<testsuite hostname="QT-INNO-LT1106" failures="0" tests="1" name="selenium.CountLetterString" time="0.009" errors="0" timestamp="2022-06-08T14:35:44 IST" skipped="0">
  <testcase classname="selenium.CountLetterString" name="count_letter" time="0.009"/>
  <system-out/>
</testsuite> <!-- selenium.CountLetterString -->
